-------------------------------------------------------------------------------
Test set: com.techreturners.exercise005.Exercise005Test
-------------------------------------------------------------------------------
Tests run: 9, Failures: 0, Errors: 1, Skipped: 8, Time elapsed: 0.018 s <<< FAILURE! - in com.techreturners.exercise005.Exercise005Test
checkEmptySentenceIsNotAPangram  Time elapsed: 0.009 s  <<< ERROR!
java.lang.UnsupportedOperationException: You can delete this statement and add your code here.
	at com.techreturners.exercise005.Exercise005Test.checkEmptySentenceIsNotAPangram(Exercise005Test.java:21)

