-------------------------------------------------------------------------------
Test set: com.techreturners.exercise003.Exercise003Test
-------------------------------------------------------------------------------
Tests run: 4, Failures: 0, Errors: 1, Skipped: 3, Time elapsed: 0 s <<< FAILURE! - in com.techreturners.exercise003.Exercise003Test
checkGetIceCreamCodeForMintChocolateChip  Time elapsed: 0 s  <<< ERROR!
java.lang.UnsupportedOperationException: You can delete this statement and add your code here.
	at com.techreturners.exercise003.Exercise003Test.checkGetIceCreamCodeForMintChocolateChip(Exercise003Test.java:24)

